<?xml version="1.0" encoding="UTF-8"?>
<testsuite name="Tables" tests="1" skipped="0" failures="0" errors="0" timestamp="2022-09-10T15:06:06" hostname="LAPTOP-HLIIH7LJ" time="4.027">
  <properties/>
  <testcase name="homeWorkTable" classname="Tables" time="4.027"/>
  <system-out><![CDATA[Rows Count:4
xPath: Rows Count:4
Last row:Poland Chine Mexico
xPath: Last row:Poland Chine Mexico
Col Count:3
xPath: Col Count:3
Text:Israel
xPath: Text:Israel
]]></system-out>
  <system-err><![CDATA[Starting ChromeDriver 104.0.5112.79 (3cf3e8c8a07d104b9e1260c910efb8f383285dc5-refs/branch-heads/5112@{#1307}) on port 57654
Only local connections are allowed.
Please see https://chromedriver.chromium.org/security-considerations for suggestions on keeping ChromeDriver safe.
ChromeDriver was started successfully.
[1662822369.096][WARNING]: This version of ChromeDriver has not been tested with Chrome version 105.
Sep 10, 2022 6:06:09 PM org.openqa.selenium.remote.ProtocolHandshake createSession
INFO: Detected upstream dialect: W3C
Sep 10, 2022 6:06:09 PM org.openqa.selenium.devtools.CdpVersionFinder findNearestMatch
WARNING: Unable to find an exact match for CDP version 105, so returning the closest version found: 104
Sep 10, 2022 6:06:09 PM org.openqa.selenium.devtools.CdpVersionFinder findNearestMatch
INFO: Found CDP implementation for version 105 of 104
]]></system-err>
</testsuite>
